#! /usr/local/Cellar/icarus-verilog/11.0/bin/vvp
:ivl_version "11.0 (stable)";
:ivl_delay_selection "TYPICAL";
:vpi_time_precision + 0;
:vpi_module "/usr/local/Cellar/icarus-verilog/11.0/lib/ivl/system.vpi";
:vpi_module "/usr/local/Cellar/icarus-verilog/11.0/lib/ivl/vhdl_sys.vpi";
:vpi_module "/usr/local/Cellar/icarus-verilog/11.0/lib/ivl/vhdl_textio.vpi";
:vpi_module "/usr/local/Cellar/icarus-verilog/11.0/lib/ivl/v2005_math.vpi";
:vpi_module "/usr/local/Cellar/icarus-verilog/11.0/lib/ivl/va_math.vpi";
S_0x7fcc47404080 .scope module, "nvme_top_tb" "nvme_top_tb" 2 2;
 .timescale 0 0;
v0x600003aad170_0 .var "clk", 0 0;
v0x600003aad200_0 .var "irq_ack", 0 0;
v0x600003aad290_0 .net "irq_req", 0 0, L_0x6000023a8380;  1 drivers
v0x600003aad320_0 .var "pcie_rx_data", 15 0;
v0x600003aad3b0_0 .var "pcie_rx_valid", 0 0;
v0x600003aad440_0 .var "pcie_tx_ack", 0 0;
v0x600003aad4d0_0 .net "pcie_tx_data", 15 0, L_0x6000023a81c0;  1 drivers
v0x600003aad560_0 .net "pcie_tx_ready", 0 0, L_0x6000023a8230;  1 drivers
v0x600003aad5f0_0 .var "reset_n", 0 0;
S_0x7fcc474041f0 .scope module, "dut" "nvme_top" 2 14, 3 2 0, S_0x7fcc47404080;
 .timescale 0 0;
    .port_info 0 /INPUT 1 "clk";
    .port_info 1 /INPUT 1 "reset_n";
    .port_info 2 /INPUT 1 "pcie_rx_valid";
    .port_info 3 /INPUT 16 "pcie_rx_data";
    .port_info 4 /OUTPUT 1 "pcie_tx_ready";
    .port_info 5 /INPUT 1 "pcie_tx_ack";
    .port_info 6 /OUTPUT 16 "pcie_tx_data";
    .port_info 7 /INPUT 1 "irq_ack";
    .port_info 8 /OUTPUT 1 "irq_req";
P_0x6000034a0000 .param/l "CMD" 1 3 49, C4<010>;
P_0x6000034a0040 .param/l "IDLE" 1 3 49, C4<001>;
P_0x6000034a0080 .param/l "INIT" 1 3 49, C4<000>;
P_0x6000034a00c0 .param/l "IRQ" 1 3 49, C4<011>;
L_0x6000023a8150 .functor BUFZ 1, v0x600003aad440_0, C4<0>, C4<0>, C4<0>;
L_0x6000023a81c0 .functor BUFZ 16, v0x600003aacc60_0, C4<0000000000000000>, C4<0000000000000000>, C4<0000000000000000>;
L_0x6000023a8230 .functor BUFZ 1, v0x600003aacd80_0, C4<0>, C4<0>, C4<0>;
L_0x6000023a8310 .functor BUFZ 1, v0x600003aad200_0, C4<0>, C4<0>, C4<0>;
L_0x6000023a8380 .functor BUFZ 1, v0x600003aac900_0, C4<0>, C4<0>, C4<0>;
v0x600003aac630_0 .net "clk", 0 0, v0x600003aad170_0;  1 drivers
v0x600003aac6c0_0 .var "cmd_valid", 0 0;
v0x600003aac750_0 .net "irq_ack", 0 0, v0x600003aad200_0;  1 drivers
v0x600003aac7e0_0 .net "irq_ack_reg", 0 0, L_0x6000023a8310;  1 drivers
v0x600003aac870_0 .net "irq_req", 0 0, L_0x6000023a8380;  alias, 1 drivers
v0x600003aac900_0 .var "irq_req_reg", 0 0;
v0x600003aac990_0 .net "pcie_rx_data", 15 0, v0x600003aad320_0;  1 drivers
v0x600003aaca20_0 .net "pcie_rx_valid", 0 0, v0x600003aad3b0_0;  1 drivers
v0x600003aacab0_0 .net "pcie_tx_ack", 0 0, v0x600003aad440_0;  1 drivers
v0x600003aacb40_0 .net "pcie_tx_ack_reg", 0 0, L_0x6000023a8150;  1 drivers
v0x600003aacbd0_0 .net "pcie_tx_data", 15 0, L_0x6000023a81c0;  alias, 1 drivers
v0x600003aacc60_0 .var "pcie_tx_data_reg", 15 0;
v0x600003aaccf0_0 .net "pcie_tx_ready", 0 0, L_0x6000023a8230;  alias, 1 drivers
v0x600003aacd80_0 .var "pcie_tx_ready_reg", 0 0;
o0x7fcc47032098 .functor BUFZ 16, C4<zzzzzzzzzzzzzzzz>; HiZ drive
v0x600003aace10_0 .net "reg_addr", 15 0, o0x7fcc47032098;  0 drivers
v0x600003aacea0_0 .net "reg_rd_data", 31 0, L_0x6000023a82a0;  1 drivers
o0x7fcc47032188 .functor BUFZ 32, C4<zzzzzzzzzzzzzzzzzzzzzzzzzzzzzzzz>; HiZ drive
v0x600003aacf30_0 .net "reg_wr_data", 31 0, o0x7fcc47032188;  0 drivers
o0x7fcc470321b8 .functor BUFZ 1, C4<z>; HiZ drive
v0x600003aacfc0_0 .net "reg_wr_en", 0 0, o0x7fcc470321b8;  0 drivers
v0x600003aad050_0 .net "reset_n", 0 0, v0x600003aad5f0_0;  1 drivers
v0x600003aad0e0_0 .var "state", 2 0;
S_0x7fcc47404360 .scope module, "nvme_regs" "nvme_registers" 3 27, 4 2 0, S_0x7fcc474041f0;
 .timescale 0 0;
    .port_info 0 /INPUT 1 "clk";
    .port_info 1 /INPUT 1 "reset_n";
    .port_info 2 /INPUT 16 "addr";
    .port_info 3 /INPUT 32 "wr_data";
    .port_info 4 /INPUT 1 "wr_en";
    .port_info 5 /OUTPUT 32 "rd_data";
L_0x6000023a82a0 .functor BUFZ 32, v0x600003aac3f0_0, C4<00000000000000000000000000000000>, C4<00000000000000000000000000000000>, C4<00000000000000000000000000000000>;
v0x600003aac090_0 .var "CAP", 63 0;
v0x600003aac120_0 .var "CC", 31 0;
v0x600003aac1b0_0 .var "CSTS", 31 0;
v0x600003aac240_0 .net "addr", 15 0, o0x7fcc47032098;  alias, 0 drivers
v0x600003aac2d0_0 .net "clk", 0 0, v0x600003aad170_0;  alias, 1 drivers
v0x600003aac360_0 .net "rd_data", 31 0, L_0x6000023a82a0;  alias, 1 drivers
v0x600003aac3f0_0 .var "rd_data_reg", 31 0;
v0x600003aac480_0 .net "reset_n", 0 0, v0x600003aad5f0_0;  alias, 1 drivers
v0x600003aac510_0 .net "wr_data", 31 0, o0x7fcc47032188;  alias, 0 drivers
v0x600003aac5a0_0 .net "wr_en", 0 0, o0x7fcc470321b8;  alias, 0 drivers
E_0x6000006a31e0/0 .event negedge, v0x600003aac480_0;
E_0x6000006a31e0/1 .event posedge, v0x600003aac2d0_0;
E_0x6000006a31e0 .event/or E_0x6000006a31e0/0, E_0x6000006a31e0/1;
    .scope S_0x7fcc47404360;
T_0 ;
    %wait E_0x6000006a31e0;
    %load/vec4 v0x600003aac480_0;
    %nor/r;
    %flag_set/vec4 8;
    %jmp/0xz  T_0.0, 8;
    %pushi/vec4 1, 0, 64;
    %assign/vec4 v0x600003aac090_0, 0;
    %pushi/vec4 0, 0, 32;
    %assign/vec4 v0x600003aac120_0, 0;
    %pushi/vec4 0, 0, 32;
    %assign/vec4 v0x600003aac1b0_0, 0;
    %jmp T_0.1;
T_0.0 ;
    %load/vec4 v0x600003aac5a0_0;
    %flag_set/vec4 8;
    %jmp/0xz  T_0.2, 8;
    %load/vec4 v0x600003aac240_0;
    %dup/vec4;
    %pushi/vec4 0, 0, 16;
    %cmp/u;
    %jmp/1 T_0.4, 6;
    %dup/vec4;
    %pushi/vec4 4, 0, 16;
    %cmp/u;
    %jmp/1 T_0.5, 6;
    %dup/vec4;
    %pushi/vec4 20, 0, 16;
    %cmp/u;
    %jmp/1 T_0.6, 6;
    %jmp T_0.7;
T_0.4 ;
    %load/vec4 v0x600003aac510_0;
    %ix/load 4, 0, 0;
    %ix/load 5, 0, 0;
    %flag_set/imm 4, 0;
    %assign/vec4/off/d v0x600003aac090_0, 4, 5;
    %jmp T_0.7;
T_0.5 ;
    %load/vec4 v0x600003aac510_0;
    %ix/load 4, 32, 0;
    %ix/load 5, 0, 0;
    %flag_set/imm 4, 0;
    %assign/vec4/off/d v0x600003aac090_0, 4, 5;
    %jmp T_0.7;
T_0.6 ;
    %load/vec4 v0x600003aac510_0;
    %assign/vec4 v0x600003aac120_0, 0;
    %jmp T_0.7;
T_0.7 ;
    %pop/vec4 1;
T_0.2 ;
    %load/vec4 v0x600003aac240_0;
    %dup/vec4;
    %pushi/vec4 0, 0, 16;
    %cmp/u;
    %jmp/1 T_0.8, 6;
    %dup/vec4;
    %pushi/vec4 4, 0, 16;
    %cmp/u;
    %jmp/1 T_0.9, 6;
    %dup/vec4;
    %pushi/vec4 20, 0, 16;
    %cmp/u;
    %jmp/1 T_0.10, 6;
    %dup/vec4;
    %pushi/vec4 28, 0, 16;
    %cmp/u;
    %jmp/1 T_0.11, 6;
    %pushi/vec4 0, 0, 32;
    %assign/vec4 v0x600003aac3f0_0, 0;
    %jmp T_0.13;
T_0.8 ;
    %load/vec4 v0x600003aac090_0;
    %parti/s 32, 0, 2;
    %assign/vec4 v0x600003aac3f0_0, 0;
    %jmp T_0.13;
T_0.9 ;
    %load/vec4 v0x600003aac090_0;
    %parti/s 32, 32, 7;
    %assign/vec4 v0x600003aac3f0_0, 0;
    %jmp T_0.13;
T_0.10 ;
    %load/vec4 v0x600003aac120_0;
    %assign/vec4 v0x600003aac3f0_0, 0;
    %jmp T_0.13;
T_0.11 ;
    %load/vec4 v0x600003aac1b0_0;
    %assign/vec4 v0x600003aac3f0_0, 0;
    %jmp T_0.13;
T_0.13 ;
    %pop/vec4 1;
T_0.1 ;
    %jmp T_0;
    .thread T_0;
    .scope S_0x7fcc474041f0;
T_1 ;
    %wait E_0x6000006a31e0;
    %load/vec4 v0x600003aad050_0;
    %nor/r;
    %flag_set/vec4 8;
    %jmp/0xz  T_1.0, 8;
    %pushi/vec4 0, 0, 3;
    %assign/vec4 v0x600003aad0e0_0, 0;
    %jmp T_1.1;
T_1.0 ;
    %load/vec4 v0x600003aad0e0_0;
    %dup/vec4;
    %pushi/vec4 0, 0, 3;
    %cmp/u;
    %jmp/1 T_1.2, 6;
    %dup/vec4;
    %pushi/vec4 1, 0, 3;
    %cmp/u;
    %jmp/1 T_1.3, 6;
    %dup/vec4;
    %pushi/vec4 2, 0, 3;
    %cmp/u;
    %jmp/1 T_1.4, 6;
    %dup/vec4;
    %pushi/vec4 3, 0, 3;
    %cmp/u;
    %jmp/1 T_1.5, 6;
    %jmp T_1.6;
T_1.2 ;
    %pushi/vec4 1, 0, 3;
    %assign/vec4 v0x600003aad0e0_0, 0;
    %jmp T_1.6;
T_1.3 ;
    %load/vec4 v0x600003aaca20_0;
    %flag_set/vec4 8;
    %jmp/0xz  T_1.7, 8;
    %pushi/vec4 2, 0, 3;
    %assign/vec4 v0x600003aad0e0_0, 0;
T_1.7 ;
    %jmp T_1.6;
T_1.4 ;
    %pushi/vec4 1, 0, 1;
    %assign/vec4 v0x600003aac6c0_0, 0;
    %pushi/vec4 3, 0, 3;
    %assign/vec4 v0x600003aad0e0_0, 0;
    %jmp T_1.6;
T_1.5 ;
    %load/vec4 v0x600003aac750_0;
    %flag_set/vec4 8;
    %jmp/0xz  T_1.9, 8;
    %pushi/vec4 1, 0, 3;
    %assign/vec4 v0x600003aad0e0_0, 0;
T_1.9 ;
    %jmp T_1.6;
T_1.6 ;
    %pop/vec4 1;
T_1.1 ;
    %jmp T_1;
    .thread T_1;
    .scope S_0x7fcc474041f0;
T_2 ;
    %wait E_0x6000006a31e0;
    %load/vec4 v0x600003aad050_0;
    %nor/r;
    %flag_set/vec4 8;
    %jmp/0xz  T_2.0, 8;
    %pushi/vec4 0, 0, 16;
    %assign/vec4 v0x600003aacc60_0, 0;
    %pushi/vec4 0, 0, 1;
    %assign/vec4 v0x600003aacd80_0, 0;
    %jmp T_2.1;
T_2.0 ;
    %load/vec4 v0x600003aad0e0_0;
    %dup/vec4;
    %pushi/vec4 1, 0, 3;
    %cmp/u;
    %jmp/1 T_2.2, 6;
    %dup/vec4;
    %pushi/vec4 2, 0, 3;
    %cmp/u;
    %jmp/1 T_2.3, 6;
    %dup/vec4;
    %pushi/vec4 3, 0, 3;
    %cmp/u;
    %jmp/1 T_2.4, 6;
    %pushi/vec4 0, 0, 16;
    %assign/vec4 v0x600003aacc60_0, 0;
    %pushi/vec4 0, 0, 1;
    %assign/vec4 v0x600003aacd80_0, 0;
    %jmp T_2.6;
T_2.2 ;
    %pushi/vec4 0, 0, 16;
    %assign/vec4 v0x600003aacc60_0, 0;
    %pushi/vec4 0, 0, 1;
    %assign/vec4 v0x600003aacd80_0, 0;
    %jmp T_2.6;
T_2.3 ;
    %pushi/vec4 1, 0, 1;
    %assign/vec4 v0x600003aacd80_0, 0;
    %jmp T_2.6;
T_2.4 ;
    %pushi/vec4 0, 0, 16;
    %assign/vec4 v0x600003aacc60_0, 0;
    %pushi/vec4 0, 0, 1;
    %assign/vec4 v0x600003aacd80_0, 0;
    %jmp T_2.6;
T_2.6 ;
    %pop/vec4 1;
T_2.1 ;
    %jmp T_2;
    .thread T_2;
    .scope S_0x7fcc47404080;
T_3 ;
    %delay 5, 0;
    %load/vec4 v0x600003aad170_0;
    %inv;
    %store/vec4 v0x600003aad170_0, 0, 1;
    %jmp T_3;
    .thread T_3;
    .scope S_0x7fcc47404080;
T_4 ;
    %pushi/vec4 0, 0, 1;
    %store/vec4 v0x600003aad170_0, 0, 1;
    %pushi/vec4 0, 0, 1;
    %store/vec4 v0x600003aad5f0_0, 0, 1;
    %pushi/vec4 0, 0, 1;
    %store/vec4 v0x600003aad3b0_0, 0, 1;
    %pushi/vec4 0, 0, 16;
    %store/vec4 v0x600003aad320_0, 0, 16;
    %pushi/vec4 0, 0, 1;
    %store/vec4 v0x600003aad440_0, 0, 1;
    %pushi/vec4 0, 0, 1;
    %store/vec4 v0x600003aad200_0, 0, 1;
    %delay 10, 0;
    %pushi/vec4 1, 0, 1;
    %store/vec4 v0x600003aad5f0_0, 0, 1;
    %delay 1000, 0;
    %vpi_call 2 47 "$finish" {0 0 0};
    %end;
    .thread T_4;
# The file index is used to find the file name in the following table.
:file_names 5;
    "N/A";
    "<interactive>";
    "nvme_top_tb.v";
    "nvme_top.v";
    "nvme_registers.v";
