#! /usr/local/Cellar/icarus-verilog/11.0/bin/vvp
:ivl_version "11.0 (stable)";
:ivl_delay_selection "TYPICAL";
:vpi_time_precision - 12;
:vpi_module "/usr/local/Cellar/icarus-verilog/11.0/lib/ivl/system.vpi";
:vpi_module "/usr/local/Cellar/icarus-verilog/11.0/lib/ivl/vhdl_sys.vpi";
:vpi_module "/usr/local/Cellar/icarus-verilog/11.0/lib/ivl/vhdl_textio.vpi";
:vpi_module "/usr/local/Cellar/icarus-verilog/11.0/lib/ivl/v2005_math.vpi";
:vpi_module "/usr/local/Cellar/icarus-verilog/11.0/lib/ivl/va_math.vpi";
S_0x7fa1d8a04080 .scope module, "nvme_registers_tb" "nvme_registers_tb" 2 3;
 .timescale -9 -12;
v0x600002dc9290_0 .var "addr", 15 0;
v0x600002dc9320_0 .net "ams", 7 0, L_0x600002ec8320;  1 drivers
v0x600002dc93b0_0 .var "clk", 0 0;
v0x600002dc9440_0 .net "cqr", 3 0, L_0x600002ec8280;  1 drivers
v0x600002dc94d0_0 .net "css_nvm", 0 0, L_0x600002ec8640;  1 drivers
v0x600002dc9560_0 .net "dstrd", 3 0, L_0x600002ec8460;  1 drivers
v0x600002dc95f0_0 .net "mpsmax", 6 0, L_0x600002ec8820;  1 drivers
v0x600002dc9680_0 .net "mpsmin", 6 0, L_0x600002ec86e0;  1 drivers
v0x600002dc9710_0 .net "mqes", 4 0, L_0x600002ec8140;  1 drivers
v0x600002dc97a0_0 .net "nssrs", 15 0, L_0x600002ec85a0;  1 drivers
v0x600002dc9830_0 .net "rd_data", 31 0, v0x600002dc8fc0_0;  1 drivers
v0x600002dc98c0_0 .var "reset_n", 0 0;
v0x600002dc9950_0 .net "to", 3 0, L_0x600002ec83c0;  1 drivers
v0x600002dc99e0_0 .var "wr_data", 31 0;
v0x600002dc9a70_0 .var "wr_en", 0 0;
S_0x7fa1d8a041f0 .scope module, "dut" "nvme_registers" 2 21, 3 2 0, S_0x7fa1d8a04080;
 .timescale 0 0;
    .port_info 0 /INPUT 1 "clk";
    .port_info 1 /INPUT 1 "reset_n";
    .port_info 2 /INPUT 16 "addr";
    .port_info 3 /INPUT 32 "wr_data";
    .port_info 4 /INPUT 1 "wr_en";
    .port_info 5 /OUTPUT 32 "rd_data";
    .port_info 6 /OUTPUT 5 "mqes";
    .port_info 7 /OUTPUT 4 "cqr";
    .port_info 8 /OUTPUT 8 "ams";
    .port_info 9 /OUTPUT 4 "to";
    .port_info 10 /OUTPUT 4 "dstrd";
    .port_info 11 /OUTPUT 16 "nssrs";
    .port_info 12 /OUTPUT 1 "css_nvm";
    .port_info 13 /OUTPUT 7 "mpsmin";
    .port_info 14 /OUTPUT 7 "mpsmax";
    .port_info 15 /OUTPUT 4 "EN";
    .port_info 16 /OUTPUT 3 "CSS";
    .port_info 17 /OUTPUT 3 "MPS";
    .port_info 18 /OUTPUT 4 "AMS";
    .port_info 19 /OUTPUT 1 "SHN";
P_0x7fa1d8a04360 .param/l "CAP_AMS" 1 3 28, C4<01000000>;
P_0x7fa1d8a043a0 .param/l "CAP_CQR" 1 3 27, C4<0>;
P_0x7fa1d8a043e0 .param/l "CAP_CSS_NVM" 1 3 32, C4<1>;
P_0x7fa1d8a04420 .param/l "CAP_DSTRD" 1 3 30, C4<0000>;
P_0x7fa1d8a04460 .param/l "CAP_MPSMAX" 1 3 34, C4<0000>;
P_0x7fa1d8a044a0 .param/l "CAP_MPSMIN" 1 3 33, C4<0001>;
P_0x7fa1d8a044e0 .param/l "CAP_MQES" 1 3 26, C4<0000000000000001>;
P_0x7fa1d8a04520 .param/l "CAP_NSSRS" 1 3 31, C4<0>;
P_0x7fa1d8a04560 .param/l "CAP_TO" 1 3 29, C4<00000001>;
P_0x7fa1d8a045a0 .param/l "CC_AMS" 1 3 40, C4<0000>;
P_0x7fa1d8a045e0 .param/l "CC_CSS" 1 3 38, C4<000>;
P_0x7fa1d8a04620 .param/l "CC_EN" 1 3 37, C4<0000>;
P_0x7fa1d8a04660 .param/l "CC_MPS" 1 3 39, C4<000>;
P_0x7fa1d8a046a0 .param/l "CC_SHN" 1 3 41, C4<00>;
v0x600002dc8000_0 .var "ACQ", 63 0;
o0x7fa1d8832038 .functor BUFZ 4, C4<zzzz>; HiZ drive
v0x600002dc8090_0 .net "AMS", 3 0, o0x7fa1d8832038;  0 drivers
v0x600002dc8120_0 .var "AQA", 31 0;
v0x600002dc81b0_0 .var "ASQ", 63 0;
v0x600002dc8240_0 .var "CAP", 63 0;
v0x600002dc82d0_0 .var "CC", 31 0;
o0x7fa1d8832128 .functor BUFZ 3, C4<zzz>; HiZ drive
v0x600002dc8360_0 .net "CSS", 2 0, o0x7fa1d8832128;  0 drivers
v0x600002dc83f0_0 .var "CSTS", 31 0;
o0x7fa1d8832188 .functor BUFZ 4, C4<zzzz>; HiZ drive
v0x600002dc8480_0 .net "EN", 3 0, o0x7fa1d8832188;  0 drivers
o0x7fa1d88321b8 .functor BUFZ 3, C4<zzz>; HiZ drive
v0x600002dc8510_0 .net "MPS", 2 0, o0x7fa1d88321b8;  0 drivers
o0x7fa1d88321e8 .functor BUFZ 1, C4<z>; HiZ drive
v0x600002dc85a0_0 .net "SHN", 0 0, o0x7fa1d88321e8;  0 drivers
v0x600002dc8630_0 .net *"_ivl_1", 15 0, L_0x600002ec8000;  1 drivers
v0x600002dc86c0_0 .net *"_ivl_17", 0 0, L_0x600002ec8500;  1 drivers
L_0x7fa1d8863050 .functor BUFT 1, C4<000000000000000>, C4<0>, C4<0>, C4<0>;
v0x600002dc8750_0 .net *"_ivl_21", 14 0, L_0x7fa1d8863050;  1 drivers
v0x600002dc87e0_0 .net *"_ivl_27", 5 0, L_0x600002ec8780;  1 drivers
L_0x7fa1d8863098 .functor BUFT 1, C4<0>, C4<0>, C4<0>, C4<0>;
v0x600002dc8870_0 .net *"_ivl_31", 0 0, L_0x7fa1d8863098;  1 drivers
v0x600002dc8900_0 .net *"_ivl_5", 0 0, L_0x600002ec81e0;  1 drivers
L_0x7fa1d8863008 .functor BUFT 1, C4<000>, C4<0>, C4<0>, C4<0>;
v0x600002dc8990_0 .net *"_ivl_9", 2 0, L_0x7fa1d8863008;  1 drivers
v0x600002dc8a20_0 .net "addr", 15 0, v0x600002dc9290_0;  1 drivers
v0x600002dc8ab0_0 .net "ams", 7 0, L_0x600002ec8320;  alias, 1 drivers
v0x600002dc8b40_0 .net "clk", 0 0, v0x600002dc93b0_0;  1 drivers
v0x600002dc8bd0_0 .net "cqr", 3 0, L_0x600002ec8280;  alias, 1 drivers
v0x600002dc8c60_0 .net "css_nvm", 0 0, L_0x600002ec8640;  alias, 1 drivers
v0x600002dc8cf0_0 .net "dstrd", 3 0, L_0x600002ec8460;  alias, 1 drivers
v0x600002dc8d80_0 .net "mpsmax", 6 0, L_0x600002ec8820;  alias, 1 drivers
v0x600002dc8e10_0 .net "mpsmin", 6 0, L_0x600002ec86e0;  alias, 1 drivers
v0x600002dc8ea0_0 .net "mqes", 4 0, L_0x600002ec8140;  alias, 1 drivers
v0x600002dc8f30_0 .net "nssrs", 15 0, L_0x600002ec85a0;  alias, 1 drivers
v0x600002dc8fc0_0 .var "rd_data", 31 0;
v0x600002dc9050_0 .net "reset_n", 0 0, v0x600002dc98c0_0;  1 drivers
v0x600002dc90e0_0 .net "to", 3 0, L_0x600002ec83c0;  alias, 1 drivers
v0x600002dc9170_0 .net "wr_data", 31 0, v0x600002dc99e0_0;  1 drivers
v0x600002dc9200_0 .net "wr_en", 0 0, v0x600002dc9a70_0;  1 drivers
E_0x6000011c7fc0/0 .event negedge, v0x600002dc9050_0;
E_0x6000011c7fc0/1 .event posedge, v0x600002dc8b40_0;
E_0x6000011c7fc0 .event/or E_0x6000011c7fc0/0, E_0x6000011c7fc0/1;
L_0x600002ec8000 .part v0x600002dc8240_0, 0, 16;
L_0x600002ec8140 .part L_0x600002ec8000, 0, 5;
L_0x600002ec81e0 .part v0x600002dc8240_0, 16, 1;
L_0x600002ec8280 .concat [ 1 3 0 0], L_0x600002ec81e0, L_0x7fa1d8863008;
L_0x600002ec8320 .part v0x600002dc8240_0, 11, 8;
L_0x600002ec83c0 .part v0x600002dc8240_0, 20, 4;
L_0x600002ec8460 .part v0x600002dc8240_0, 24, 4;
L_0x600002ec8500 .part v0x600002dc8240_0, 36, 1;
L_0x600002ec85a0 .concat [ 1 15 0 0], L_0x600002ec8500, L_0x7fa1d8863050;
L_0x600002ec8640 .part v0x600002dc8240_0, 37, 1;
L_0x600002ec86e0 .part v0x600002dc8240_0, 45, 7;
L_0x600002ec8780 .part v0x600002dc8240_0, 52, 6;
L_0x600002ec8820 .concat [ 6 1 0 0], L_0x600002ec8780, L_0x7fa1d8863098;
    .scope S_0x7fa1d8a041f0;
T_0 ;
    %wait E_0x6000011c7fc0;
    %load/vec4 v0x600002dc9050_0;
    %nor/r;
    %flag_set/vec4 8;
    %jmp/0xz  T_0.0, 8;
    %pushi/vec4 2151678528, 0, 47;
    %concati/vec4 1, 0, 17;
    %assign/vec4 v0x600002dc8240_0, 0;
    %pushi/vec4 0, 0, 32;
    %assign/vec4 v0x600002dc82d0_0, 0;
    %pushi/vec4 0, 0, 32;
    %assign/vec4 v0x600002dc83f0_0, 0;
    %pushi/vec4 0, 0, 32;
    %assign/vec4 v0x600002dc8120_0, 0;
    %pushi/vec4 0, 0, 64;
    %assign/vec4 v0x600002dc81b0_0, 0;
    %pushi/vec4 0, 0, 64;
    %assign/vec4 v0x600002dc8000_0, 0;
    %jmp T_0.1;
T_0.0 ;
    %load/vec4 v0x600002dc9200_0;
    %flag_set/vec4 8;
    %jmp/0xz  T_0.2, 8;
    %load/vec4 v0x600002dc8a20_0;
    %dup/vec4;
    %pushi/vec4 20, 0, 16;
    %cmp/u;
    %jmp/1 T_0.4, 6;
    %dup/vec4;
    %pushi/vec4 36, 0, 16;
    %cmp/u;
    %jmp/1 T_0.5, 6;
    %dup/vec4;
    %pushi/vec4 40, 0, 16;
    %cmp/u;
    %jmp/1 T_0.6, 6;
    %dup/vec4;
    %pushi/vec4 44, 0, 16;
    %cmp/u;
    %jmp/1 T_0.7, 6;
    %dup/vec4;
    %pushi/vec4 48, 0, 16;
    %cmp/u;
    %jmp/1 T_0.8, 6;
    %dup/vec4;
    %pushi/vec4 52, 0, 16;
    %cmp/u;
    %jmp/1 T_0.9, 6;
    %jmp T_0.10;
T_0.4 ;
    %load/vec4 v0x600002dc9170_0;
    %assign/vec4 v0x600002dc82d0_0, 0;
    %jmp T_0.10;
T_0.5 ;
    %load/vec4 v0x600002dc9170_0;
    %assign/vec4 v0x600002dc8120_0, 0;
    %jmp T_0.10;
T_0.6 ;
    %load/vec4 v0x600002dc9170_0;
    %ix/load 4, 0, 0;
    %ix/load 5, 0, 0;
    %flag_set/imm 4, 0;
    %assign/vec4/off/d v0x600002dc81b0_0, 4, 5;
    %jmp T_0.10;
T_0.7 ;
    %load/vec4 v0x600002dc9170_0;
    %ix/load 4, 32, 0;
    %ix/load 5, 0, 0;
    %flag_set/imm 4, 0;
    %assign/vec4/off/d v0x600002dc81b0_0, 4, 5;
    %jmp T_0.10;
T_0.8 ;
    %load/vec4 v0x600002dc9170_0;
    %ix/load 4, 0, 0;
    %ix/load 5, 0, 0;
    %flag_set/imm 4, 0;
    %assign/vec4/off/d v0x600002dc8000_0, 4, 5;
    %jmp T_0.10;
T_0.9 ;
    %load/vec4 v0x600002dc9170_0;
    %ix/load 4, 32, 0;
    %ix/load 5, 0, 0;
    %flag_set/imm 4, 0;
    %assign/vec4/off/d v0x600002dc8000_0, 4, 5;
    %jmp T_0.10;
T_0.10 ;
    %pop/vec4 1;
T_0.2 ;
    %load/vec4 v0x600002dc8a20_0;
    %dup/vec4;
    %pushi/vec4 0, 0, 16;
    %cmp/u;
    %jmp/1 T_0.11, 6;
    %dup/vec4;
    %pushi/vec4 4, 0, 16;
    %cmp/u;
    %jmp/1 T_0.12, 6;
    %dup/vec4;
    %pushi/vec4 20, 0, 16;
    %cmp/u;
    %jmp/1 T_0.13, 6;
    %dup/vec4;
    %pushi/vec4 28, 0, 16;
    %cmp/u;
    %jmp/1 T_0.14, 6;
    %dup/vec4;
    %pushi/vec4 36, 0, 16;
    %cmp/u;
    %jmp/1 T_0.15, 6;
    %dup/vec4;
    %pushi/vec4 40, 0, 16;
    %cmp/u;
    %jmp/1 T_0.16, 6;
    %dup/vec4;
    %pushi/vec4 44, 0, 16;
    %cmp/u;
    %jmp/1 T_0.17, 6;
    %dup/vec4;
    %pushi/vec4 48, 0, 16;
    %cmp/u;
    %jmp/1 T_0.18, 6;
    %dup/vec4;
    %pushi/vec4 52, 0, 16;
    %cmp/u;
    %jmp/1 T_0.19, 6;
    %pushi/vec4 0, 0, 32;
    %assign/vec4 v0x600002dc8fc0_0, 0;
    %jmp T_0.21;
T_0.11 ;
    %load/vec4 v0x600002dc8240_0;
    %parti/s 32, 0, 2;
    %assign/vec4 v0x600002dc8fc0_0, 0;
    %jmp T_0.21;
T_0.12 ;
    %load/vec4 v0x600002dc8240_0;
    %parti/s 32, 32, 7;
    %assign/vec4 v0x600002dc8fc0_0, 0;
    %jmp T_0.21;
T_0.13 ;
    %load/vec4 v0x600002dc82d0_0;
    %assign/vec4 v0x600002dc8fc0_0, 0;
    %jmp T_0.21;
T_0.14 ;
    %load/vec4 v0x600002dc83f0_0;
    %assign/vec4 v0x600002dc8fc0_0, 0;
    %jmp T_0.21;
T_0.15 ;
    %load/vec4 v0x600002dc8120_0;
    %assign/vec4 v0x600002dc8fc0_0, 0;
    %jmp T_0.21;
T_0.16 ;
    %load/vec4 v0x600002dc81b0_0;
    %parti/s 32, 0, 2;
    %assign/vec4 v0x600002dc8fc0_0, 0;
    %jmp T_0.21;
T_0.17 ;
    %load/vec4 v0x600002dc81b0_0;
    %parti/s 32, 32, 7;
    %assign/vec4 v0x600002dc8fc0_0, 0;
    %jmp T_0.21;
T_0.18 ;
    %load/vec4 v0x600002dc8000_0;
    %parti/s 32, 0, 2;
    %assign/vec4 v0x600002dc8fc0_0, 0;
    %jmp T_0.21;
T_0.19 ;
    %load/vec4 v0x600002dc8000_0;
    %parti/s 32, 32, 7;
    %assign/vec4 v0x600002dc8fc0_0, 0;
    %jmp T_0.21;
T_0.21 ;
    %pop/vec4 1;
T_0.1 ;
    %jmp T_0;
    .thread T_0;
    .scope S_0x7fa1d8a04080;
T_1 ;
    %delay 5000, 0;
    %load/vec4 v0x600002dc93b0_0;
    %inv;
    %store/vec4 v0x600002dc93b0_0, 0, 1;
    %jmp T_1;
    .thread T_1;
    .scope S_0x7fa1d8a04080;
T_2 ;
    %pushi/vec4 0, 0, 1;
    %store/vec4 v0x600002dc93b0_0, 0, 1;
    %pushi/vec4 0, 0, 1;
    %store/vec4 v0x600002dc98c0_0, 0, 1;
    %pushi/vec4 0, 0, 16;
    %store/vec4 v0x600002dc9290_0, 0, 16;
    %pushi/vec4 0, 0, 32;
    %store/vec4 v0x600002dc99e0_0, 0, 32;
    %pushi/vec4 0, 0, 1;
    %store/vec4 v0x600002dc9a70_0, 0, 1;
    %delay 10000, 0;
    %pushi/vec4 1, 0, 1;
    %store/vec4 v0x600002dc98c0_0, 0, 1;
    %pushi/vec4 0, 0, 16;
    %store/vec4 v0x600002dc9290_0, 0, 16;
    %pushi/vec4 0, 0, 1;
    %store/vec4 v0x600002dc9a70_0, 0, 1;
    %delay 10000, 0;
    %load/vec4 v0x600002dc9830_0;
    %cmpi/ne 536936449, 0, 32;
    %jmp/0xz  T_2.0, 6;
    %vpi_call 2 59 "$display", "Error: CAP[31:0] mismatch! Expected: 32'h2001_0001, Actual: 32'h%h", v0x600002dc9830_0 {0 0 0};
T_2.0 ;
    %pushi/vec4 4, 0, 16;
    %store/vec4 v0x600002dc9290_0, 0, 16;
    %pushi/vec4 0, 0, 1;
    %store/vec4 v0x600002dc9a70_0, 0, 1;
    %delay 10000, 0;
    %load/vec4 v0x600002dc9830_0;
    %cmpi/ne 16777217, 0, 32;
    %jmp/0xz  T_2.2, 6;
    %vpi_call 2 63 "$display", "Error: CAP[63:32] mismatch! Expected: 32'h0100_0001, Actual: 32'h%h", v0x600002dc9830_0 {0 0 0};
T_2.2 ;
    %load/vec4 v0x600002dc9710_0;
    %cmpi/ne 1, 0, 5;
    %jmp/0xz  T_2.4, 6;
    %vpi_call 2 66 "$display", "Error: mqes mismatch! Expected: 5'b00001, Actual: 5'b%b", v0x600002dc9710_0 {0 0 0};
T_2.4 ;
    %load/vec4 v0x600002dc9440_0;
    %cmpi/ne 0, 0, 4;
    %jmp/0xz  T_2.6, 6;
    %vpi_call 2 67 "$display", "Error: cqr mismatch! Expected: 1'b0, Actual: 1'b%b", v0x600002dc9440_0 {0 0 0};
T_2.6 ;
    %load/vec4 v0x600002dc9320_0;
    %cmpi/ne 64, 0, 8;
    %jmp/0xz  T_2.8, 6;
    %vpi_call 2 68 "$display", "Error: ams mismatch! Expected: 8'b0100_0000, Actual: 8'b%b", v0x600002dc9320_0 {0 0 0};
T_2.8 ;
    %load/vec4 v0x600002dc9950_0;
    %cmpi/ne 1, 0, 4;
    %jmp/0xz  T_2.10, 6;
    %vpi_call 2 69 "$display", "Error: to mismatch! Expected: 4'b0001, Actual: 4'b%b", v0x600002dc9950_0 {0 0 0};
T_2.10 ;
    %load/vec4 v0x600002dc9560_0;
    %cmpi/ne 0, 0, 4;
    %jmp/0xz  T_2.12, 6;
    %vpi_call 2 70 "$display", "Error: dstrd mismatch! Expected: 4'b0000, Actual: 4'b%b", v0x600002dc9560_0 {0 0 0};
T_2.12 ;
    %load/vec4 v0x600002dc97a0_0;
    %cmpi/ne 0, 0, 16;
    %jmp/0xz  T_2.14, 6;
    %vpi_call 2 71 "$display", "Error: nssrs mismatch! Expected: 1'b0, Actual: 1'b%b", v0x600002dc97a0_0 {0 0 0};
T_2.14 ;
    %load/vec4 v0x600002dc94d0_0;
    %cmpi/ne 1, 0, 1;
    %jmp/0xz  T_2.16, 6;
    %vpi_call 2 72 "$display", "Error: css_nvm mismatch! Expected: 1'b1, Actual: 1'b%b", v0x600002dc94d0_0 {0 0 0};
T_2.16 ;
    %load/vec4 v0x600002dc9680_0;
    %cmpi/ne 1, 0, 7;
    %jmp/0xz  T_2.18, 6;
    %vpi_call 2 73 "$display", "Error: mpsmin mismatch! Expected: 7'b000_0001, Actual: 7'b%b", v0x600002dc9680_0 {0 0 0};
T_2.18 ;
    %load/vec4 v0x600002dc95f0_0;
    %cmpi/ne 0, 0, 7;
    %jmp/0xz  T_2.20, 6;
    %vpi_call 2 74 "$display", "Error: mpsmax mismatch! Expected: 7'b000_0000, Actual: 7'b%b", v0x600002dc95f0_0 {0 0 0};
T_2.20 ;
    %vpi_call 2 76 "$display", "Test completed." {0 0 0};
    %vpi_call 2 79 "$finish" {0 0 0};
    %end;
    .thread T_2;
# The file index is used to find the file name in the following table.
:file_names 4;
    "N/A";
    "<interactive>";
    "nvme_registers_tb.v";
    "nvme_registers.v";
